{"uuid":"8bcb8501-5a77-4df1-8919-6b97233e6df2","historyId":"a128a0db7890b77a958994bc5627e074","fullName":"tests.CheckoutTest.AddProductToCart","labels":[{"name":"package","value":"tests.CheckoutTest"},{"name":"testClass","value":"tests.CheckoutTest"},{"name":"testMethod","value":"AddProductToCart"},{"name":"parentSuite","value":"Default Suite"},{"name":"suite","value":"Taf"},{"name":"subSuite","value":"tests.CheckoutTest"},{"name":"host","value":"DESKTOP-V38MVE0"},{"name":"thread","value":"4340@DESKTOP-V38MVE0.main(1)"},{"name":"framework","value":"testng"},{"name":"language","value":"java"},{"name":"feature","value":"Checkout Tests"},{"name":"epic","value":"Regression tests"},{"name":"severity","value":"blocker"}],"links":[],"name":"Checkout Test - Add product to cart","status":"failed","statusDetails":{"known":false,"muted":false,"flaky":false,"message":"Expected condition failed: waiting for visibility of element located by By.xpath: //p[@class = 'content']//a[text() ='shopping cart' ] (tried for 10 second(s) with 500 milliseconds interval)","trace":"java.lang.AssertionError: Expected condition failed: waiting for visibility of element located by By.xpath: //p[@class = 'content']//a[text() ='shopping cart' ] (tried for 10 second(s) with 500 milliseconds interval)\r\n\tat org.testng.Assert.fail(Assert.java:99)\r\n\tat utils.ElementActions.locatingElementStrategy(ElementActions.java:260)\r\n\tat utils.ElementActions.mouseHover(ElementActions.java:141)\r\n\tat utils.ElementActions.click(ElementActions.java:35)\r\n\tat utils.ElementActions.click(ElementActions.java:62)\r\n\tat pages.HomePage.openNotificationShoppingCart(HomePage.java:46)\r\n\tat tests.CheckoutTest.AddProductToCart(CheckoutTest.java:78)\r\n\tat java.base/jdk.internal.reflect.NativeMethodAccessorImpl.invoke0(Native Method)\r\n\tat java.base/jdk.internal.reflect.NativeMethodAccessorImpl.invoke(NativeMethodAccessorImpl.java:77)\r\n\tat java.base/jdk.internal.reflect.DelegatingMethodAccessorImpl.invoke(DelegatingMethodAccessorImpl.java:43)\r\n\tat java.base/java.lang.reflect.Method.invoke(Method.java:568)\r\n\tat org.testng.internal.MethodInvocationHelper.invokeMethod(MethodInvocationHelper.java:133)\r\n\tat org.testng.internal.TestInvoker.invokeMethod(TestInvoker.java:598)\r\n\tat org.testng.internal.TestInvoker.invokeTestMethod(TestInvoker.java:173)\r\n\tat org.testng.internal.MethodRunner.runInSequence(MethodRunner.java:46)\r\n\tat org.testng.internal.TestInvoker$MethodInvocationAgent.invoke(TestInvoker.java:824)\r\n\tat org.testng.internal.TestInvoker.invokeTestMethods(TestInvoker.java:146)\r\n\tat org.testng.internal.TestMethodWorker.invokeTestMethods(TestMethodWorker.java:146)\r\n\tat org.testng.internal.TestMethodWorker.run(TestMethodWorker.java:128)\r\n\tat java.base/java.util.ArrayList.forEach(ArrayList.java:1511)\r\n\tat org.testng.TestRunner.privateRun(TestRunner.java:794)\r\n\tat org.testng.TestRunner.run(TestRunner.java:596)\r\n\tat org.testng.SuiteRunner.runTest(SuiteRunner.java:377)\r\n\tat org.testng.SuiteRunner.runSequentially(SuiteRunner.java:371)\r\n\tat org.testng.SuiteRunner.privateRun(SuiteRunner.java:332)\r\n\tat org.testng.SuiteRunner.run(SuiteRunner.java:276)\r\n\tat org.testng.SuiteRunnerWorker.runSuite(SuiteRunnerWorker.java:53)\r\n\tat org.testng.SuiteRunnerWorker.run(SuiteRunnerWorker.java:96)\r\n\tat org.testng.TestNG.runSuitesSequentially(TestNG.java:1212)\r\n\tat org.testng.TestNG.runSuitesLocally(TestNG.java:1134)\r\n\tat org.testng.TestNG.runSuites(TestNG.java:1063)\r\n\tat org.testng.TestNG.run(TestNG.java:1031)\r\n\tat com.intellij.rt.testng.IDEARemoteTestNG.run(IDEARemoteTestNG.java:66)\r\n\tat com.intellij.rt.testng.RemoteTestNGStarter.main(RemoteTestNGStarter.java:109)\r\n"},"stage":"finished","description":"Add product to cart successfully","steps":[{"name":"Add prdouct to cart from product details page with quantity: [0]","status":"passed","stage":"finished","steps":[],"attachments":[],"parameters":[{"name":"quantity","value":"3"}],"start":1678200116639,"stop":1678200117120},{"name":"Get added to cart alert message","status":"passed","stage":"finished","steps":[],"attachments":[],"parameters":[],"start":1678200117121,"stop":1678200117790},{"name":"Get the quantity of the product after opening the shopping cart","status":"passed","stage":"finished","steps":[],"attachments":[],"parameters":[{"name":"ProductName","value":"Apple MacBook Pro 13-inch"}],"start":1678200117846,"stop":1678200121973},{"name":"Get total price of the product that exist in shopping cart","status":"passed","stage":"finished","steps":[],"attachments":[],"parameters":[{"name":"ProductName","value":"Apple MacBook Pro 13-inch"}],"start":1678200121973,"stop":1678200122044},{"name":"Calculate the total price by multiplying Product quantity and Product price","status":"passed","stage":"finished","steps":[],"attachments":[],"parameters":[{"name":"ProductName","value":"Apple MacBook Pro 13-inch"}],"start":1678200122044,"stop":1678200122177},{"name":"Get the total price of the order in shopping cart","status":"passed","stage":"finished","steps":[],"attachments":[],"parameters":[],"start":1678200122177,"stop":1678200122242},{"name":"Open shopping cart from the link on notification","status":"failed","statusDetails":{"known":false,"muted":false,"flaky":false,"message":"Expected condition failed: waiting for visibility of element located by By.xpath: //p[@class = 'content']//a[text() ='shopping cart' ] (tried for 10 second(s) with 500 milliseconds interval)","trace":"java.lang.AssertionError: Expected condition failed: waiting for visibility of element located by By.xpath: //p[@class = 'content']//a[text() ='shopping cart' ] (tried for 10 second(s) with 500 milliseconds interval)\r\n\tat org.testng.Assert.fail(Assert.java:99)\r\n\tat utils.ElementActions.locatingElementStrategy(ElementActions.java:260)\r\n\tat utils.ElementActions.mouseHover(ElementActions.java:141)\r\n\tat utils.ElementActions.click(ElementActions.java:35)\r\n\tat utils.ElementActions.click(ElementActions.java:62)\r\n\tat pages.HomePage.openNotificationShoppingCart(HomePage.java:46)\r\n\tat tests.CheckoutTest.AddProductToCart(CheckoutTest.java:78)\r\n\tat java.base/jdk.internal.reflect.NativeMethodAccessorImpl.invoke0(Native Method)\r\n\tat java.base/jdk.internal.reflect.NativeMethodAccessorImpl.invoke(NativeMethodAccessorImpl.java:77)\r\n\tat java.base/jdk.internal.reflect.DelegatingMethodAccessorImpl.invoke(DelegatingMethodAccessorImpl.java:43)\r\n\tat java.base/java.lang.reflect.Method.invoke(Method.java:568)\r\n\tat org.testng.internal.MethodInvocationHelper.invokeMethod(MethodInvocationHelper.java:133)\r\n\tat org.testng.internal.TestInvoker.invokeMethod(TestInvoker.java:598)\r\n\tat org.testng.internal.TestInvoker.invokeTestMethod(TestInvoker.java:173)\r\n\tat org.testng.internal.MethodRunner.runInSequence(MethodRunner.java:46)\r\n\tat org.testng.internal.TestInvoker$MethodInvocationAgent.invoke(TestInvoker.java:824)\r\n\tat org.testng.internal.TestInvoker.invokeTestMethods(TestInvoker.java:146)\r\n\tat org.testng.internal.TestMethodWorker.invokeTestMethods(TestMethodWorker.java:146)\r\n\tat org.testng.internal.TestMethodWorker.run(TestMethodWorker.java:128)\r\n\tat java.base/java.util.ArrayList.forEach(ArrayList.java:1511)\r\n\tat org.testng.TestRunner.privateRun(TestRunner.java:794)\r\n\tat org.testng.TestRunner.run(TestRunner.java:596)\r\n\tat org.testng.SuiteRunner.runTest(SuiteRunner.java:377)\r\n\tat org.testng.SuiteRunner.runSequentially(SuiteRunner.java:371)\r\n\tat org.testng.SuiteRunner.privateRun(SuiteRunner.java:332)\r\n\tat org.testng.SuiteRunner.run(SuiteRunner.java:276)\r\n\tat org.testng.SuiteRunnerWorker.runSuite(SuiteRunnerWorker.java:53)\r\n\tat org.testng.SuiteRunnerWorker.run(SuiteRunnerWorker.java:96)\r\n\tat org.testng.TestNG.runSuitesSequentially(TestNG.java:1212)\r\n\tat org.testng.TestNG.runSuitesLocally(TestNG.java:1134)\r\n\tat org.testng.TestNG.runSuites(TestNG.java:1063)\r\n\tat org.testng.TestNG.run(TestNG.java:1031)\r\n\tat com.intellij.rt.testng.IDEARemoteTestNG.run(IDEARemoteTestNG.java:66)\r\n\tat com.intellij.rt.testng.RemoteTestNGStarter.main(RemoteTestNGStarter.java:109)\r\n"},"stage":"finished","steps":[],"attachments":[],"parameters":[],"start":1678200122242,"stop":1678200132581}],"attachments":[],"parameters":[],"start":1678200116596,"stop":1678200132593}