{"uuid":"a9bfe058-b8fb-412a-9c62-51c49410a6e4","historyId":"2216c43c44d3d9c10e15dd49af291b63","fullName":"tests.MyAccountTest.RegisterNewUser","labels":[{"name":"package","value":"tests.MyAccountTest"},{"name":"testClass","value":"tests.MyAccountTest"},{"name":"testMethod","value":"RegisterNewUser"},{"name":"parentSuite","value":"Default Suite"},{"name":"suite","value":"Taf"},{"name":"subSuite","value":"tests.MyAccountTest"},{"name":"host","value":"DESKTOP-V38MVE0"},{"name":"thread","value":"11204@DESKTOP-V38MVE0.main(1)"},{"name":"framework","value":"testng"},{"name":"language","value":"java"},{"name":"feature","value":"MyAccount tests"},{"name":"epic","value":"Regression tests"},{"name":"severity","value":"blocker"}],"links":[],"name":"MyAccount Tests - Valid Registration","status":"failed","statusDetails":{"known":false,"muted":false,"flaky":false,"message":"Expected condition failed: waiting for visibility of element located by By.className: result (tried for 10 second(s) with 500 milliseconds interval)","trace":"java.lang.AssertionError: Expected condition failed: waiting for visibility of element located by By.className: result (tried for 10 second(s) with 500 milliseconds interval)\r\n\tat org.testng.Assert.fail(Assert.java:99)\r\n\tat utils.ElementActions.locatingElementStrategy(ElementActions.java:260)\r\n\tat utils.ElementActions.getText(ElementActions.java:189)\r\n\tat utils.ElementActions.getText(ElementActions.java:199)\r\n\tat pages.UserRegistrationPage.getRegistrationMsg(UserRegistrationPage.java:51)\r\n\tat tests.MyAccountTest.RegisterNewUser(MyAccountTest.java:40)\r\n\tat java.base/jdk.internal.reflect.NativeMethodAccessorImpl.invoke0(Native Method)\r\n\tat java.base/jdk.internal.reflect.NativeMethodAccessorImpl.invoke(NativeMethodAccessorImpl.java:77)\r\n\tat java.base/jdk.internal.reflect.DelegatingMethodAccessorImpl.invoke(DelegatingMethodAccessorImpl.java:43)\r\n\tat java.base/java.lang.reflect.Method.invoke(Method.java:568)\r\n\tat org.testng.internal.MethodInvocationHelper.invokeMethod(MethodInvocationHelper.java:133)\r\n\tat org.testng.internal.TestInvoker.invokeMethod(TestInvoker.java:598)\r\n\tat org.testng.internal.TestInvoker.invokeTestMethod(TestInvoker.java:173)\r\n\tat org.testng.internal.MethodRunner.runInSequence(MethodRunner.java:46)\r\n\tat org.testng.internal.TestInvoker$MethodInvocationAgent.invoke(TestInvoker.java:824)\r\n\tat org.testng.internal.TestInvoker.invokeTestMethods(TestInvoker.java:146)\r\n\tat org.testng.internal.TestMethodWorker.invokeTestMethods(TestMethodWorker.java:146)\r\n\tat org.testng.internal.TestMethodWorker.run(TestMethodWorker.java:128)\r\n\tat java.base/java.util.ArrayList.forEach(ArrayList.java:1511)\r\n\tat org.testng.TestRunner.privateRun(TestRunner.java:794)\r\n\tat org.testng.TestRunner.run(TestRunner.java:596)\r\n\tat org.testng.SuiteRunner.runTest(SuiteRunner.java:377)\r\n\tat org.testng.SuiteRunner.runSequentially(SuiteRunner.java:371)\r\n\tat org.testng.SuiteRunner.privateRun(SuiteRunner.java:332)\r\n\tat org.testng.SuiteRunner.run(SuiteRunner.java:276)\r\n\tat org.testng.SuiteRunnerWorker.runSuite(SuiteRunnerWorker.java:53)\r\n\tat org.testng.SuiteRunnerWorker.run(SuiteRunnerWorker.java:96)\r\n\tat org.testng.TestNG.runSuitesSequentially(TestNG.java:1212)\r\n\tat org.testng.TestNG.runSuitesLocally(TestNG.java:1134)\r\n\tat org.testng.TestNG.runSuites(TestNG.java:1063)\r\n\tat org.testng.TestNG.run(TestNG.java:1031)\r\n\tat com.intellij.rt.testng.IDEARemoteTestNG.run(IDEARemoteTestNG.java:66)\r\n\tat com.intellij.rt.testng.RemoteTestNGStarter.main(RemoteTestNGStarter.java:109)\r\n"},"stage":"finished","description":"Register new user with a valid email and valid password","steps":[{"name":"Register with a firstname:[0],lastname: [1],Email: [2],password: [3],Confirmation password: [4]","status":"passed","stage":"finished","steps":[],"attachments":[],"parameters":[{"name":"First","value":"null"},{"name":"Last","value":"ahmed"},{"name":"Email","value":"null07032023151754554@gmail.com"},{"name":"Password","value":"null"},{"name":"Confirmation","value":"null"}],"start":1678195085624,"stop":1678195087223},{"name":"Get registration result message","status":"failed","statusDetails":{"known":false,"muted":false,"flaky":false,"message":"Expected condition failed: waiting for visibility of element located by By.className: result (tried for 10 second(s) with 500 milliseconds interval)","trace":"java.lang.AssertionError: Expected condition failed: waiting for visibility of element located by By.className: result (tried for 10 second(s) with 500 milliseconds interval)\r\n\tat org.testng.Assert.fail(Assert.java:99)\r\n\tat utils.ElementActions.locatingElementStrategy(ElementActions.java:260)\r\n\tat utils.ElementActions.getText(ElementActions.java:189)\r\n\tat utils.ElementActions.getText(ElementActions.java:199)\r\n\tat pages.UserRegistrationPage.getRegistrationMsg(UserRegistrationPage.java:51)\r\n\tat tests.MyAccountTest.RegisterNewUser(MyAccountTest.java:40)\r\n\tat java.base/jdk.internal.reflect.NativeMethodAccessorImpl.invoke0(Native Method)\r\n\tat java.base/jdk.internal.reflect.NativeMethodAccessorImpl.invoke(NativeMethodAccessorImpl.java:77)\r\n\tat java.base/jdk.internal.reflect.DelegatingMethodAccessorImpl.invoke(DelegatingMethodAccessorImpl.java:43)\r\n\tat java.base/java.lang.reflect.Method.invoke(Method.java:568)\r\n\tat org.testng.internal.MethodInvocationHelper.invokeMethod(MethodInvocationHelper.java:133)\r\n\tat org.testng.internal.TestInvoker.invokeMethod(TestInvoker.java:598)\r\n\tat org.testng.internal.TestInvoker.invokeTestMethod(TestInvoker.java:173)\r\n\tat org.testng.internal.MethodRunner.runInSequence(MethodRunner.java:46)\r\n\tat org.testng.internal.TestInvoker$MethodInvocationAgent.invoke(TestInvoker.java:824)\r\n\tat org.testng.internal.TestInvoker.invokeTestMethods(TestInvoker.java:146)\r\n\tat org.testng.internal.TestMethodWorker.invokeTestMethods(TestMethodWorker.java:146)\r\n\tat org.testng.internal.TestMethodWorker.run(TestMethodWorker.java:128)\r\n\tat java.base/java.util.ArrayList.forEach(ArrayList.java:1511)\r\n\tat org.testng.TestRunner.privateRun(TestRunner.java:794)\r\n\tat org.testng.TestRunner.run(TestRunner.java:596)\r\n\tat org.testng.SuiteRunner.runTest(SuiteRunner.java:377)\r\n\tat org.testng.SuiteRunner.runSequentially(SuiteRunner.java:371)\r\n\tat org.testng.SuiteRunner.privateRun(SuiteRunner.java:332)\r\n\tat org.testng.SuiteRunner.run(SuiteRunner.java:276)\r\n\tat org.testng.SuiteRunnerWorker.runSuite(SuiteRunnerWorker.java:53)\r\n\tat org.testng.SuiteRunnerWorker.run(SuiteRunnerWorker.java:96)\r\n\tat org.testng.TestNG.runSuitesSequentially(TestNG.java:1212)\r\n\tat org.testng.TestNG.runSuitesLocally(TestNG.java:1134)\r\n\tat org.testng.TestNG.runSuites(TestNG.java:1063)\r\n\tat org.testng.TestNG.run(TestNG.java:1031)\r\n\tat com.intellij.rt.testng.IDEARemoteTestNG.run(IDEARemoteTestNG.java:66)\r\n\tat com.intellij.rt.testng.RemoteTestNGStarter.main(RemoteTestNGStarter.java:109)\r\n"},"stage":"finished","steps":[],"attachments":[],"parameters":[],"start":1678195087223,"stop":1678195097589}],"attachments":[],"parameters":[],"start":1678195085411,"stop":1678195097595}